2026-03-02T09:42:14.089+05:30  INFO 20816 --- [main] com.insuretrack.InsureTrackApplication   : Starting InsureTrackApplication using Java 24.0.1 with PID 20816 (C:\Users\2465976\Downloads\InsureTrack\backend\insure-track-backend\target\classes started by 2465976 in C:\Users\2465976\Downloads\InsureTrack)
2026-03-02T09:42:14.095+05:30  INFO 20816 --- [main] com.insuretrack.InsureTrackApplication   : No active profile set, falling back to 1 default profile: "default"
2026-03-02T09:42:16.699+05:30  INFO 20816 --- [main] .s.d.r.c.RepositoryConfigurationDelegate : Bootstrapping Spring Data JPA repositories in DEFAULT mode.
2026-03-02T09:42:17.114+05:30  INFO 20816 --- [main] .s.d.r.c.RepositoryConfigurationDelegate : Finished Spring Data repository scanning in 389 ms. Found 25 JPA repository interfaces.
2026-03-02T09:42:18.449+05:30  INFO 20816 --- [main] o.s.boot.tomcat.TomcatWebServer          : Tomcat initialized with port 8082 (http)
2026-03-02T09:42:18.471+05:30  INFO 20816 --- [main] o.apache.catalina.core.StandardService   : Starting service [Tomcat]
2026-03-02T09:42:18.471+05:30  INFO 20816 --- [main] o.apache.catalina.core.StandardEngine    : Starting Servlet engine: [Apache Tomcat/11.0.15]
2026-03-02T09:42:18.565+05:30  INFO 20816 --- [main] b.w.c.s.WebApplicationContextInitializer : Root WebApplicationContext: initialization completed in 4339 ms
2026-03-02T09:42:18.975+05:30  INFO 20816 --- [main] org.hibernate.orm.jpa                    : HHH008540: Processing PersistenceUnitInfo [name: default]
2026-03-02T09:42:19.118+05:30  INFO 20816 --- [main] org.hibernate.orm.core                   : HHH000001: Hibernate ORM core version 7.2.1.Final
2026-03-02T09:42:20.285+05:30  INFO 20816 --- [main] o.s.o.j.p.SpringPersistenceUnitInfo      : No LoadTimeWeaver setup: ignoring JPA class transformer
2026-03-02T09:42:20.341+05:30  INFO 20816 --- [main] com.zaxxer.hikari.HikariDataSource       : HikariPool-1 - Starting...
2026-03-02T09:42:21.096+05:30  INFO 20816 --- [main] com.zaxxer.hikari.pool.HikariPool        : HikariPool-1 - Added connection com.mysql.cj.jdbc.ConnectionImpl@50a1af86
2026-03-02T09:42:21.100+05:30  INFO 20816 --- [main] com.zaxxer.hikari.HikariDataSource       : HikariPool-1 - Start completed.
2026-03-02T09:42:21.198+05:30  WARN 20816 --- [main] org.hibernate.orm.deprecation            : HHH90000025: MySQLDialect does not need to be specified explicitly using 'hibernate.dialect' (remove the property setting and it will be selected by default)
2026-03-02T09:42:21.248+05:30  INFO 20816 --- [main] org.hibernate.orm.connections.pooling    : HHH10001005: Database info:
	Database JDBC URL [jdbc:mysql://localhost:3306/myproject]
	Database driver: MySQL Connector/J
	Database dialect: MySQLDialect
	Database version: 8.0.44
	Default catalog/schema: myproject/undefined
	Autocommit mode: undefined/unknown
	Isolation level: REPEATABLE_READ [default REPEATABLE_READ]
	JDBC fetch size: none
	Pool: DataSourceConnectionProvider
	Minimum pool size: undefined/unknown
	Maximum pool size: undefined/unknown
2026-03-02T09:42:23.991+05:30  INFO 20816 --- [main] org.hibernate.orm.core                   : HHH000489: No JTA platform available (set 'hibernate.transaction.jta.platform' to enable JTA platform integration)
2026-03-02T09:42:24.180+05:30  INFO 20816 --- [main] j.LocalContainerEntityManagerFactoryBean : Initialized JPA EntityManagerFactory for persistence unit 'default'
2026-03-02T09:42:24.378+05:30  INFO 20816 --- [main] o.s.d.j.r.query.QueryEnhancerFactories   : Hibernate is in classpath; If applicable, HQL parser will be used.
2026-03-02T09:42:26.160+05:30  INFO 20816 --- [main] eAuthenticationProviderManagerConfigurer : Global AuthenticationManager configured with AuthenticationProvider bean with name authenticationProvider
2026-03-02T09:42:26.162+05:30  WARN 20816 --- [main] r$InitializeUserDetailsManagerConfigurer : Global AuthenticationManager configured with an AuthenticationProvider bean. UserDetailsService beans will not be used by Spring Security for automatically configuring username/password login. Consider removing the AuthenticationProvider bean. Alternatively, consider using the UserDetailsService in a manually instantiated DaoAuthenticationProvider. If the current configuration is intentional, to turn off this warning, increase the logging level of 'org.springframework.security.config.annotation.authentication.configuration.InitializeUserDetailsBeanManagerConfigurer' to ERROR
2026-03-02T09:42:26.268+05:30  WARN 20816 --- [main] JpaBaseConfiguration$JpaWebConfiguration : spring.jpa.open-in-view is enabled by default. Therefore, database queries may be performed during view rendering. Explicitly configure spring.jpa.open-in-view to disable this warning
2026-03-02T09:42:27.645+05:30  INFO 20816 --- [main] o.s.boot.tomcat.TomcatWebServer          : Tomcat started on port 8082 (http) with context path '/'
2026-03-02T09:42:27.667+05:30  INFO 20816 --- [main] com.insuretrack.InsureTrackApplication   : Started InsureTrackApplication in 14.647 seconds (process running for 15.572)
2026-03-02T09:42:28.861+05:30  INFO 20816 --- [SpringApplicationShutdownHook] o.s.boot.tomcat.GracefulShutdown         : Commencing graceful shutdown. Waiting for active requests to complete
2026-03-02T09:42:28.882+05:30  INFO 20816 --- [tomcat-shutdown] o.s.boot.tomcat.GracefulShutdown         : Graceful shutdown complete
2026-03-02T09:42:28.896+05:30  INFO 20816 --- [SpringApplicationShutdownHook] j.LocalContainerEntityManagerFactoryBean : Closing JPA EntityManagerFactory for persistence unit 'default'
2026-03-02T09:42:28.903+05:30  INFO 20816 --- [SpringApplicationShutdownHook] com.zaxxer.hikari.HikariDataSource       : HikariPool-1 - Shutdown initiated...
2026-03-02T09:42:28.932+05:30  INFO 20816 --- [SpringApplicationShutdownHook] com.zaxxer.hikari.HikariDataSource       : HikariPool-1 - Shutdown completed.
